<?xml version="1.0" encoding="UTF-8"?>
<Site BuildName="Darwin-clang++"
	BuildStamp="20221207-0805-Experimental"
	Name="MBPvP.local"
	Generator="ctest-3.25.0"
	CompilerName="/usr/bin/clang++"
	CompilerVersion="14.0.0.14000029"
	OSName="macOS"
	Hostname="MBPvP.local"
	OSRelease="13.1"
	OSVersion="22C5059b"
	OSPlatform="arm64"
	Is64Bits="1"
	VendorString="IBM"
	VendorID="IBM"
	FamilyID="16777228"
	ModelID="2"
	ProcessorCacheSize="131072"
	NumberOfLogicalCPU="8"
	NumberOfPhysicalCPU="8"
	TotalVirtualMemory="0"
	TotalPhysicalMemory="16384"
	LogicalProcessorsPerPhysical="8"
	ProcessorClockFrequency="0"
	>
	<Testing>
		<StartDateTime>Dec 07 09:05 CET</StartDateTime>
		<StartTestTime>1670400313</StartTestTime>
		<TestList/>
		<EndDateTime>Dec 07 09:05 CET</EndDateTime>
		<EndTestTime>1670400313</EndTestTime>
		<ElapsedMinutes>0</ElapsedMinutes>
	</Testing>
</Site>
